\BOOKMARK [0][-]{chapter.1}{\376\377\000T\000a\000b\000l\000e\000\040\000o\000f\000\040\000c\000o\000n\000t\000e\000n\000t\000s}{}% 1
\BOOKMARK [0][-]{chapter.2}{\376\377\000I\000n\000s\000t\000a\000l\000l\000a\000t\000i\000o\000n}{}% 2
\BOOKMARK [0][-]{chapter.3}{\376\377\000U\000s\000a\000g\000e}{}% 3
\BOOKMARK [0][-]{chapter.4}{\376\377\000C\000o\000n\000t\000r\000i\000b\000u\000t\000i\000n\000g}{}% 4
\BOOKMARK [0][-]{chapter.5}{\376\377\000C\000r\000e\000d\000i\000t\000s}{}% 5
\BOOKMARK [0][-]{chapter.6}{\376\377\000L\000i\000c\000e\000n\000s\000e}{}% 6
\BOOKMARK [0][-]{chapter.7}{\376\377\000I\000n\000t\000r\000o\000d\000u\000c\000t\000i\000o\000n}{}% 7
\BOOKMARK [0][-]{chapter.8}{\376\377\000G\000e\000t\000t\000i\000n\000g\000\040\000S\000t\000a\000r\000t\000e\000d\000\040\000G\000u\000i\000d\000e}{}% 8
\BOOKMARK [1][-]{section.8.1}{\376\377\000C\000o\000n\000n\000e\000c\000t\000i\000o\000n\000\040\000o\000f\000\040\000t\000h\000e\000\040\000u\000n\000i\000t}{chapter.8}% 9
\BOOKMARK [1][-]{section.8.2}{\376\377\000C\000o\000n\000f\000i\000g\000u\000r\000a\000t\000i\000o\000n\000\040\000o\000f\000\040\000t\000h\000e\000\040\000s\000e\000r\000i\000a\000l\000\040\000c\000o\000m\000m\000u\000n\000i\000c\000a\000t\000i\000o\000n}{chapter.8}% 10
\BOOKMARK [1][-]{section.8.3}{\376\377\000M\000a\000i\000n\000\040\000c\000o\000m\000m\000a\000n\000d\000s\000\040\000a\000n\000d\000\040\000e\000r\000r\000o\000r\000\040\000c\000o\000d\000e\000s}{chapter.8}% 11
\BOOKMARK [1][-]{section.8.4}{\376\377\000F\000r\000e\000q\000u\000e\000n\000t\000l\000y\000\040\000a\000s\000k\000e\000d\000\040\000q\000u\000e\000s\000t\000i\000o\000n\000s\000\040\000\050\000F\000A\000Q\000\051\000\040\000a\000n\000d\000\040\000b\000a\000s\000i\000c\000\040\000t\000r\000o\000u\000b\000l\000e\000s\000h\000o\000o\000t\000i\000n\000g}{chapter.8}% 12
\BOOKMARK [1][-]{section.8.5}{\376\377\000R\000u\000n\000n\000i\000n\000g\000\040\000t\000h\000e\000\040\000e\000x\000a\000m\000p\000l\000e\000\040\000c\000o\000d\000e}{chapter.8}% 13
\BOOKMARK [1][-]{section.8.6}{\376\377\000A\000P\000I\000\040\000b\000a\000s\000i\000c\000s}{chapter.8}% 14
\BOOKMARK [1][-]{section.8.7}{\376\377\000N\000o\000t\000e\000s\000\040\000a\000n\000d\000\040\000d\000i\000s\000c\000l\000a\000i\000m\000e\000r}{chapter.8}% 15
\BOOKMARK [0][-]{chapter.9}{\376\377\000q\000o\000n\000t\000r\000o\000l\000\137\000a\000p\000i}{}% 16
\BOOKMARK [1][-]{section.9.1}{\376\377\000q\000o\000n\000t\000r\000o\000l\000\040\000m\000o\000d\000u\000l\000e}{chapter.9}% 17
\BOOKMARK [0][-]{chapter.10}{\376\377\000I\000n\000d\000i\000c\000e\000s\000\040\000a\000n\000d\000\040\000t\000a\000b\000l\000e\000s}{}% 18
\BOOKMARK [0][-]{section*.23}{\376\377\000P\000y\000t\000h\000o\000n\000\040\000M\000o\000d\000u\000l\000e\000\040\000I\000n\000d\000e\000x}{}% 19
\BOOKMARK [0][-]{section*.24}{\376\377\000I\000n\000d\000e\000x}{}% 20
